<?xml version="1.0" encoding="UTF-8"?>
<!-- Generated by org.testng.reporters.JUnitReportReporter -->
<testsuite hostname="DESKTOP-385248S" failures="0" tests="1" name="com.test.TestNG" time="3.997" errors="0" timestamp="2021-07-14T23:40:50 EDT" skipped="0">
  <testcase classname="com.test.TestNG" name="login" time="3.997"/>
  <system-out/>
</testsuite> <!-- com.test.TestNG -->
